# JRE version: Java(TM) SE Runtime Environment (8.0_60-b27) (build 1.8.0_60-b27)
# Java VM: Java HotSpot(TM) 64-Bit Server VM (25.60-b23 mixed mode windows-amd64 compressed oops)
Heap:
 PSYoungGen      total 175616K, used 43015K [0x00000000eab00000, 0x00000000f6900000, 0x0000000100000000)
  eden space 156672K, 21% used [0x00000000eab00000,0x00000000ecbfc988,0x00000000f4400000)
  from space 18944K, 48% used [0x00000000f5680000,0x00000000f5f85430,0x00000000f6900000)
  to   space 18944K, 0% used [0x00000000f4400000,0x00000000f4400000,0x00000000f5680000)
 ParOldGen       total 145920K, used 42947K [0x00000000c0000000, 0x00000000c8e80000, 0x00000000eab00000)
  object space 145920K, 29% used [0x00000000c0000000,0x00000000c29f0d88,0x00000000c8e80000)
 Metaspace       used 71901K, capacity 80312K, committed 80768K, reserved 1120256K
  class space    used 9247K, capacity 9853K, committed 10112K, reserved 1048576K
GC Heap History (10 events):
Event: 7034.935 GC heap before
{Heap before GC invocations=119 (full 28):
 PSYoungGen      total 174592K, used 163861K [0x00000000eab00000, 0x00000000f6a00000, 0x0000000100000000)
  eden space 154624K, 100% used [0x00000000eab00000,0x00000000f4200000,0x00000000f4200000)
  from space 19968K, 46% used [0x00000000f5680000,0x00000000f5f85430,0x00000000f6a00000)
  to   space 20480K, 0% used [0x00000000f4200000,0x00000000f4200000,0x00000000f5600000)
 ParOldGen       total 145920K, used 42734K [0x00000000c0000000, 0x00000000c8e80000, 0x00000000eab00000)
  object space 145920K, 29% used [0x00000000c0000000,0x00000000c29bbb90,0x00000000c8e80000)
 Metaspace       used 71672K, capacity 79944K, committed 80256K, reserved 1120256K
  class space    used 9231K, capacity 9837K, committed 10112K, reserved 1048576K
Event: 7034.939 GC heap after
Heap after GC invocations=119 (full 28):
 PSYoungGen      total 175104K, used 2848K [0x00000000eab00000, 0x00000000f6a00000, 0x0000000100000000)
  eden space 154624K, 0% used [0x00000000eab00000,0x00000000eab00000,0x00000000f4200000)
  from space 20480K, 13% used [0x00000000f4200000,0x00000000f44c8000,0x00000000f5600000)
  to   space 19968K, 0% used [0x00000000f5680000,0x00000000f5680000,0x00000000f6a00000)
 ParOldGen       total 145920K, used 42742K [0x00000000c0000000, 0x00000000c8e80000, 0x00000000eab00000)
  object space 145920K, 29% used [0x00000000c0000000,0x00000000c29bdb90,0x00000000c8e80000)
 Metaspace       used 71672K, capacity 79944K, committed 80256K, reserved 1120256K
  class space    used 9231K, capacity 9837K, committed 10112K, reserved 1048576K
}
Event: 7035.661 GC heap before
{Heap before GC invocations=120 (full 28):
 PSYoungGen      total 175104K, used 63820K [0x00000000eab00000, 0x00000000f6a00000, 0x0000000100000000)
  eden space 154624K, 39% used [0x00000000eab00000,0x00000000ee68b290,0x00000000f4200000)
  from space 20480K, 13% used [0x00000000f4200000,0x00000000f44c8000,0x00000000f5600000)
  to   space 19968K, 0% used [0x00000000f5680000,0x00000000f5680000,0x00000000f6a00000)
 ParOldGen       total 145920K, used 42742K [0x00000000c0000000, 0x00000000c8e80000, 0x00000000eab00000)
  object space 145920K, 29% used [0x00000000c0000000,0x00000000c29bdb90,0x00000000c8e80000)
 Metaspace       used 71679K, capacity 79944K, committed 80256K, reserved 1120256K
  class space    used 9231K, capacity 9837K, committed 10112K, reserved 1048576K
Event: 7035.665 GC heap after
Heap after GC invocations=120 (full 28):
 PSYoungGen      total 174592K, used 1904K [0x00000000eab00000, 0x00000000f6900000, 0x0000000100000000)
  eden space 155648K, 0% used [0x00000000eab00000,0x00000000eab00000,0x00000000f4300000)
  from space 18944K, 10% used [0x00000000f5680000,0x00000000f585c010,0x00000000f6900000)
  to   space 19456K, 0% used [0x00000000f4300000,0x00000000f4300000,0x00000000f5600000)
 ParOldGen       total 145920K, used 42750K [0x00000000c0000000, 0x00000000c8e80000, 0x00000000eab00000)
  object space 145920K, 29% used [0x00000000c0000000,0x00000000c29bfb90,0x00000000c8e80000)
 Metaspace       used 71679K, capacity 79944K, committed 80256K, reserved 1120256K
  class space    used 9231K, capacity 9837K, committed 10112K, reserved 1048576K
}
Event: 7035.665 GC heap before
{Heap before GC invocations=121 (full 29):
 PSYoungGen      total 174592K, used 1904K [0x00000000eab00000, 0x00000000f6900000, 0x0000000100000000)
  eden space 155648K, 0% used [0x00000000eab00000,0x00000000eab00000,0x00000000f4300000)
  from space 18944K, 10% used [0x00000000f5680000,0x00000000f585c010,0x00000000f6900000)
  to   space 19456K, 0% used [0x00000000f4300000,0x00000000f4300000,0x00000000f5600000)
 ParOldGen       total 145920K, used 42750K [0x00000000c0000000, 0x00000000c8e80000, 0x00000000eab00000)
  object space 145920K, 29% used [0x00000000c0000000,0x00000000c29bfb90,0x00000000c8e80000)
 Metaspace       used 71679K, capacity 79944K, committed 80256K, reserved 1120256K
  class space    used 9231K, capacity 9837K, committed 10112K, reserved 1048576K
Event: 7035.899 GC heap after
Heap after GC invocations=121 (full 29):
 PSYoungGen      total 174592K, used 0K [0x00000000eab00000, 0x00000000f6900000, 0x0000000100000000)
  eden space 155648K, 0% used [0x00000000eab00000,0x00000000eab00000,0x00000000f4300000)
  from space 18944K, 0% used [0x00000000f5680000,0x00000000f5680000,0x00000000f6900000)
  to   space 19456K, 0% used [0x00000000f4300000,0x00000000f4300000,0x00000000f5600000)
 ParOldGen       total 145920K, used 42931K [0x00000000c0000000, 0x00000000c8e80000, 0x00000000eab00000)
  object space 145920K, 29% used [0x00000000c0000000,0x00000000c29ecd88,0x00000000c8e80000)
 Metaspace       used 71547K, capacity 79504K, committed 80256K, reserved 1120256K
  class space    used 9191K, capacity 9797K, committed 10112K, reserved 1048576K
}
Event: 7065.487 GC heap before
{Heap before GC invocations=122 (full 29):
 PSYoungGen      total 174592K, used 155648K [0x00000000eab00000, 0x00000000f6900000, 0x0000000100000000)
  eden space 155648K, 100% used [0x00000000eab00000,0x00000000f4300000,0x00000000f4300000)
  from space 18944K, 0% used [0x00000000f5680000,0x00000000f5680000,0x00000000f6900000)
  to   space 19456K, 0% used [0x00000000f4300000,0x00000000f4300000,0x00000000f5600000)
 ParOldGen       total 145920K, used 42931K [0x00000000c0000000, 0x00000000c8e80000, 0x00000000eab00000)
  object space 145920K, 29% used [0x00000000c0000000,0x00000000c29ecd88,0x00000000c8e80000)
 Metaspace       used 71786K, capacity 79984K, committed 80512K, reserved 1120256K
  class space    used 9223K, capacity 9829K, committed 10112K, reserved 1048576K
Event: 7065.492 GC heap after
Heap after GC invocations=122 (full 29):
 PSYoungGen      total 175104K, used 2720K [0x00000000eab00000, 0x00000000f6900000, 0x0000000100000000)
  eden space 155648K, 0% used [0x00000000eab00000,0x00000000eab00000,0x00000000f4300000)
  from space 19456K, 13% used [0x00000000f4300000,0x00000000f45a8000,0x00000000f5600000)
  to   space 18944K, 0% used [0x00000000f5680000,0x00000000f5680000,0x00000000f6900000)
 ParOldGen       total 145920K, used 42939K [0x00000000c0000000, 0x00000000c8e80000, 0x00000000eab00000)
  object space 145920K, 29% used [0x00000000c0000000,0x00000000c29eed88,0x00000000c8e80000)
 Metaspace       used 71786K, capacity 79984K, committed 80512K, reserved 1120256K
  class space    used 9223K, capacity 9829K, committed 10112K, reserved 1048576K
}
Event: 7105.699 GC heap before
{Heap before GC invocations=123 (full 29):
 PSYoungGen      total 175104K, used 157408K [0x00000000eab00000, 0x00000000f6900000, 0x0000000100000000)
  eden space 155648K, 99% used [0x00000000eab00000,0x00000000f42100d0,0x00000000f4300000)
  from space 19456K, 13% used [0x00000000f4300000,0x00000000f45a8000,0x00000000f5600000)
  to   space 18944K, 0% used [0x00000000f5680000,0x00000000f5680000,0x00000000f6900000)
 ParOldGen       total 145920K, used 42939K [0x00000000c0000000, 0x00000000c8e80000, 0x00000000eab00000)
  object space 145920K, 29% used [0x00000000c0000000,0x00000000c29eed88,0x00000000c8e80000)
 Metaspace       used 71868K, capacity 80224K, committed 80512K, reserved 1120256K
  class space    used 9239K, capacity 9845K, committed 10112K, reserved 1048576K
Event: 7105.709 GC heap after
Heap after GC invocations=123 (full 29):
 PSYoungGen      total 175616K, used 9237K [0x00000000eab00000, 0x00000000f6900000, 0x0000000100000000)
  eden space 156672K, 0% used [0x00000000eab00000,0x00000000eab00000,0x00000000f4400000)
  from space 18944K, 48% used [0x00000000f5680000,0x00000000f5f85430,0x00000000f6900000)
  to   space 18944K, 0% used [0x00000000f4400000,0x00000000f4400000,0x00000000f5680000)
 ParOldGen       total 145920K, used 42947K [0x00000000c0000000, 0x00000000c8e80000, 0x00000000eab00000)
  object space 145920K, 29% used [0x00000000c0000000,0x00000000c29f0d88,0x00000000c8e80000)
 Metaspace       used 71868K, capacity 80224K, committed 80512K, reserved 1120256K
  class space    used 9239K, capacity 9845K, committed 10112K, reserved 1048576K
}

